{
  "stats": {
    "suites": 1,
    "tests": 1,
    "passes": 1,
    "pending": 0,
    "failures": 0,
    "start": "2025-04-18T13:29:01.596Z",
    "end": "2025-04-18T13:29:47.722Z",
    "duration": 46126,
    "testsRegistered": 1,
    "passPercent": 100,
    "pendingPercent": 0,
    "other": 0,
    "hasOther": false,
    "skipped": 0,
    "hasSkipped": false
  },
  "results": [
    {
      "uuid": "9a4749e9-69fd-4db6-ba10-2af16903892c",
      "title": "",
      "fullFile": "F:\\UItest\\test\\test-sesi9.js",
      "file": "\\test\\test-sesi9.js",
      "beforeHooks": [],
      "afterHooks": [],
      "tests": [],
      "suites": [
        {
          "uuid": "c1ac2de1-c359-49ab-a82a-61497ba72f0f",
          "title": "Google Search Test",
          "fullFile": "F:\\UItest\\test\\test-sesi9.js",
          "file": "\\test\\test-sesi9.js",
          "beforeHooks": [],
          "afterHooks": [],
          "tests": [
            {
              "title": "Visit SauceDemo dan cek page title",
              "fullTitle": "Google Search Test Visit SauceDemo dan cek page title",
              "timedOut": false,
              "duration": 46030,
              "state": "passed",
              "speed": "slow",
              "pass": true,
              "fail": false,
              "pending": false,
              "context": null,
              "code": "options = new chrome.Options();\ndriver = await new Builder().forBrowser('chrome').build();\n// driver = await new Builder().forBrowser('chrome').setChromeOptions(options).build();\nawait driver.get('https://www.saucedemo.com');\nconst title = await driver.getTitle();\n// assert: memastikan object sama persis\nassert.strictEqual(title, 'Swag Labs');\n//input \nlet inputUsername = await driver.findElement(By.css('[data-test=\"username\"]'));\nlet inputPassword = await driver.findElement(By.xpath('//*[@data-test=\"password\"]'));\nlet buttonLogin = await driver.findElement(By.className('submit-button btn_action'));\nawait inputUsername.sendKeys('standard_user');\nawait inputPassword.sendKeys('secret_sauce');\nawait buttonLogin.click();\n\n//tunggu samoai element ada\nlet buttonCart = await driver.wait(until.elementLocated(By.xpath('//*[@data-test=\"shopping-cart-link\"]')),\n    10000\n);\nawait driver.wait(until.elementIsVisible(buttonCart), 5000, 'shopping cart harus tampil');\n// //assert : memastikan object sama persis\nawait buttonCart.isDisplayed()\n// //assert: text dalam element benar\n// let textAppLogo = await driver.findElement(By.className('app_logo'));\n// let logotext = await textAppLogo.getText();\n// assert.strictEqual(logotext, 'Swag Labs');\n\nawait driver.sleep(3000);\nawait driver.quit();",
              "err": {},
              "uuid": "0cc9e40a-5290-4287-af6d-c3ca0240df6c",
              "parentUUID": "c1ac2de1-c359-49ab-a82a-61497ba72f0f",
              "isHook": false,
              "skipped": false
            }
          ],
          "suites": [],
          "passes": [
            "0cc9e40a-5290-4287-af6d-c3ca0240df6c"
          ],
          "failures": [],
          "pending": [],
          "skipped": [],
          "duration": 46030,
          "root": false,
          "rootEmpty": false,
          "_timeout": 60000
        }
      ],
      "passes": [],
      "failures": [],
      "pending": [],
      "skipped": [],
      "duration": 0,
      "root": true,
      "rootEmpty": true,
      "_timeout": 60000
    }
  ],
  "meta": {
    "mocha": {
      "version": "10.8.2"
    },
    "mochawesome": {
      "options": {
        "quiet": false,
        "reportFilename": "mochawesome",
        "saveHtml": true,
        "saveJson": true,
        "consoleReporter": "spec",
        "useInlineDiffs": false,
        "code": true
      },
      "version": "7.1.3"
    },
    "marge": {
      "options": null,
      "version": "6.2.0"
    }
  }
}